{
  "stats": {
    "suites": 1,
    "tests": 19,
    "passes": 16,
    "pending": 0,
    "failures": 3,
    "start": "2022-03-22T12:38:37.873Z",
    "end": "2022-03-22T12:45:34.891Z",
    "duration": 417018,
    "testsRegistered": 19,
    "passPercent": 84.21052631578947,
    "pendingPercent": 0,
    "other": 0,
    "hasOther": false,
    "skipped": 0,
    "hasSkipped": false
  },
  "results": [
    {
      "uuid": "d0add941-79c7-4328-8602-9317702b0ea1",
      "title": "",
      "fullFile": "cypress/integration/find.spec.js",
      "file": "cypress/integration/find.spec.js",
      "beforeHooks": [],
      "afterHooks": [],
      "tests": [],
      "suites": [
        {
          "uuid": "5ec48cec-ffb7-4a53-affb-ba7706ca944d",
          "title": "Find|Master|UA|Desktop|",
          "fullFile": "",
          "file": "",
          "beforeHooks": [],
          "afterHooks": [],
          "tests": [
            {
              "title": "Профіль вибір українського інтерфейсу",
              "fullTitle": "Find|Master|UA|Desktop| Профіль вибір українського інтерфейсу",
              "timedOut": null,
              "duration": 27121,
              "state": "passed",
              "speed": "slow",
              "pass": true,
              "fail": false,
              "pending": false,
              "context": "\"screenshots/find.spec.js/Find|Master|UA|Desktop| -- Профіль вибір українського інтерфейсу (failed).png\"",
              "code": "cy.visit('/');\ncy.get('img').eq(0).click({\n  force: true\n}); //menu\nprofilePage.selectUA();",
              "err": {},
              "uuid": "f2c63fe2-2343-44ec-9733-e93f47f089aa",
              "parentUUID": "5ec48cec-ffb7-4a53-affb-ba7706ca944d",
              "isHook": false,
              "skipped": false
            },
            {
              "title": "Пошук по імені Клієнта",
              "fullTitle": "Find|Master|UA|Desktop| Пошук по імені Клієнта",
              "timedOut": null,
              "duration": 19956,
              "state": "passed",
              "speed": "slow",
              "pass": true,
              "fail": false,
              "pending": false,
              "context": "\"screenshots/find.spec.js/Find|Master|UA|Desktop| -- Пошук по імені Клієнта (failed).png\"",
              "code": "cy.visit('/');\ncy.contains('Довідник').click({\n  force: true\n});\ncy.contains('Клієнти').click({\n  force: true\n});\ncy.get('h1').should('have.text', 'Клієнти');\ncy.wait(3000);\ncy.get('tr > td > a').first().invoke('text').then(text => {\n  var clientName = text;\n  cy.get('.ant-select-selection-search').first().type(clientName);\n  cy.wait(2000);\n  cy.get('.ant-select-item').contains('Клієнт').click({\n    force: true\n  });\n  cy.get('tr > td > a').first().should('have.text', clientName);\n});",
              "err": {},
              "uuid": "2486fa76-4367-4129-93ba-119db4e01086",
              "parentUUID": "5ec48cec-ffb7-4a53-affb-ba7706ca944d",
              "isHook": false,
              "skipped": false
            },
            {
              "title": "Пошук по мобільному номеру Клієнта",
              "fullTitle": "Find|Master|UA|Desktop| Пошук по мобільному номеру Клієнта",
              "timedOut": null,
              "duration": 20508,
              "state": "passed",
              "speed": "slow",
              "pass": true,
              "fail": false,
              "pending": false,
              "context": "\"screenshots/find.spec.js/Find|Master|UA|Desktop| -- Пошук по мобільному номеру Клієнта (failed).png\"",
              "code": "cy.visit('/');\ncy.contains('Довідник').click({\n  force: true\n});\ncy.contains('Клієнти').click({\n  force: true\n});\ncy.get('h1').should('have.text', 'Клієнти');\ncy.wait(3000);\ncy.get('tr > td > a').eq(1).invoke('text').then(text => {\n  var clientName = text;\n  cy.get('.ant-select-selection-search').first().type(clientName);\n  cy.wait(2000);\n  cy.get('.ant-select-item').contains('Клієнт').click({\n    force: true\n  });\n  cy.get('tr > td > a').eq(1).should('have.text', clientName);\n});",
              "err": {},
              "uuid": "ff44beb9-d2e3-4f88-a6de-9178269debcd",
              "parentUUID": "5ec48cec-ffb7-4a53-affb-ba7706ca944d",
              "isHook": false,
              "skipped": false
            },
            {
              "title": "Пошук за повною назвою НЗ",
              "fullTitle": "Find|Master|UA|Desktop| Пошук за повною назвою НЗ",
              "timedOut": null,
              "duration": 20594,
              "state": "passed",
              "speed": "slow",
              "pass": true,
              "fail": false,
              "pending": false,
              "context": "\"screenshots/find.spec.js/Find|Master|UA|Desktop| -- Пошук за повною назвою НЗ (failed).png\"",
              "code": "cy.visit('/');\ncy.contains('Довідник').click({\n  force: true\n});\ncy.contains('Ремонти').click({\n  force: true\n});\ncy.get('h1').should('have.text', 'Нові');\ncy.wait(3000);\ncy.get('tr > td > a').eq(2).invoke('text').then(text => {\n  var clientName = text;\n  cy.get('.ant-select-selection-search').first().type(clientName);\n  cy.wait(2000);\n  cy.get('.ant-select-item').contains('Новий').click({\n    force: true\n  });\n  cy.get('tr > td > a').should('have.text', clientName);\n});",
              "err": {},
              "uuid": "2fdf19ef-aca3-468f-bc11-71543b80adbe",
              "parentUUID": "5ec48cec-ffb7-4a53-affb-ba7706ca944d",
              "isHook": false,
              "skipped": false
            },
            {
              "title": "Пошук по короткій назві НЗ",
              "fullTitle": "Find|Master|UA|Desktop| Пошук по короткій назві НЗ",
              "timedOut": null,
              "duration": 19591,
              "state": "passed",
              "speed": "slow",
              "pass": true,
              "fail": false,
              "pending": false,
              "context": "\"screenshots/find.spec.js/Find|Master|UA|Desktop| -- Пошук по короткій назві НЗ (failed).png\"",
              "code": "cy.visit('/');\ncy.contains('Довідник').click({\n  force: true\n});\ncy.contains('Ремонти').click({\n  force: true\n});\ncy.get('h1').should('have.text', 'Нові');\ncy.wait(3000);\ncy.get('tr > td > a').eq(2).invoke('text').then(text => {\n  const shotNZ = text.split('-');\n  cy.get('.ant-select-selection-search').first().type(shotNZ[shotNZ.length - 1]);\n  cy.wait(2000);\n  cy.get('.ant-select-item').contains('Новий').click();\n  cy.get('tr > td > a').should('have.text', text);\n});",
              "err": {},
              "uuid": "ff68a74e-c52e-48be-9b6e-153b0cfed7b7",
              "parentUUID": "5ec48cec-ffb7-4a53-affb-ba7706ca944d",
              "isHook": false,
              "skipped": false
            },
            {
              "title": "Пошук по VIN а/м ",
              "fullTitle": "Find|Master|UA|Desktop| Пошук по VIN а/м ",
              "timedOut": null,
              "duration": 11168,
              "state": "failed",
              "speed": null,
              "pass": false,
              "fail": true,
              "pending": false,
              "context": "\"screenshots/find.spec.js/Find|Master|UA|Desktop| -- Пошук по VIN а/м  (failed).png\"",
              "code": "cy.visit('/');\ncy.contains('Довідник').click({\n  force: true\n});\ncy.contains('Автомобілі').click({\n  force: true\n});\ncy.get('h1').should('have.text', 'Автомобілі');\ncy.wait(3000);\ncy.get('tr > td').eq(3).invoke('text').then(text => {\n  cy.get('.ant-select-selection-search').first().type(text);\n  cy.wait(4000);\n  cy.get('.ant-select-item').contains('Автомобілі').click();\n  cy.get('.ant-table-row > :nth-child(4)').first().should('have.text', text);\n});",
              "err": {
                "message": "CypressError: `cy.type()` cannot accept an empty string. You need to actually type something.\n\nhttps://on.cypress.io/type",
                "estack": "CypressError: `cy.type()` cannot accept an empty string. You need to actually type something.\n\nhttps://on.cypress.io/type\n    at Context.type (https://dev-my.carbook.pro/__cypress/runner/cypress_runner.js:139763:17)\n    at Context.<anonymous> (https://dev-my.carbook.pro/__cypress/runner/cypress_runner.js:157771:21)\nFrom Your Spec Code:\n    at Context.eval (https://dev-my.carbook.pro/__cypress/tests?p=cypress/integration/find.spec.js:775:54)\n    at executeFn (https://dev-my.carbook.pro/__cypress/tests?p=cypress/support/index.js:3111:22)\n    at Context.eval (https://dev-my.carbook.pro/__cypress/tests?p=cypress/support/index.js:3124:12)",
                "diff": null
              },
              "uuid": "20703a52-1142-4429-8fdc-80fa47d5465e",
              "parentUUID": "5ec48cec-ffb7-4a53-affb-ba7706ca944d",
              "isHook": false,
              "skipped": false
            },
            {
              "title": "Пошук по Державному Номеру а/м ",
              "fullTitle": "Find|Master|UA|Desktop| Пошук по Державному Номеру а/м ",
              "timedOut": null,
              "duration": 10882,
              "state": "failed",
              "speed": null,
              "pass": false,
              "fail": true,
              "pending": false,
              "context": "\"screenshots/find.spec.js/Find|Master|UA|Desktop| -- Пошук по Державному Номеру а/м  (failed).png\"",
              "code": "cy.visit('/');\ncy.contains('Довідник').click({\n  force: true\n});\ncy.contains('Автомобілі').click({\n  force: true\n});\ncy.get('h1').should('have.text', 'Автомобілі');\ncy.wait(3000);\ncy.get('tr > td').eq(2).invoke('text').then(text => {\n  cy.get('.ant-select-selection-search').first().type(text);\n  cy.wait(2000);\n  cy.get('.ant-select-item').contains('Автомобілі').click();\n  cy.wait(2000);\n  cy.get('.ant-table-row > :nth-child(3)').first().should('have.text', text);\n});",
              "err": {
                "message": "CypressError: `cy.type()` cannot accept an empty string. You need to actually type something.\n\nhttps://on.cypress.io/type",
                "estack": "CypressError: `cy.type()` cannot accept an empty string. You need to actually type something.\n\nhttps://on.cypress.io/type\n    at Context.type (https://dev-my.carbook.pro/__cypress/runner/cypress_runner.js:139763:17)\n    at Context.<anonymous> (https://dev-my.carbook.pro/__cypress/runner/cypress_runner.js:157771:21)\nFrom Your Spec Code:\n    at Context.eval (https://dev-my.carbook.pro/__cypress/tests?p=cypress/integration/find.spec.js:792:54)\n    at executeFn (https://dev-my.carbook.pro/__cypress/tests?p=cypress/support/index.js:3111:22)\n    at Context.eval (https://dev-my.carbook.pro/__cypress/tests?p=cypress/support/index.js:3124:12)",
                "diff": null
              },
              "uuid": "ec23de33-9df5-492b-ba1b-6842d0bf53ff",
              "parentUUID": "5ec48cec-ffb7-4a53-affb-ba7706ca944d",
              "isHook": false,
              "skipped": false
            },
            {
              "title": "Пошук по коду Товара ",
              "fullTitle": "Find|Master|UA|Desktop| Пошук по коду Товара ",
              "timedOut": null,
              "duration": 19804,
              "state": "passed",
              "speed": "slow",
              "pass": true,
              "fail": false,
              "pending": false,
              "context": "\"screenshots/find.spec.js/Find|Master|UA|Desktop| -- Пошук по коду Товара  (failed).png\"",
              "code": "cy.visit('/');\ncy.contains('Довідник').click({\n  force: true\n});\ncy.contains('Товари').click({\n  force: true\n});\ncy.get('h1').should('have.text', 'Товари');\ncy.wait(3000);\ncy.get('[data-row-key] > :nth-child(1) > :nth-child(1) > a > div').first().invoke('text').then(text => {\n  cy.get('.ant-select-selection-search').first().type(text);\n  cy.wait(2000);\n  cy.get('.ant-select-item').contains('Товари').click();\n  cy.get('[data-row-key] > :nth-child(1) > :nth-child(1) > a > div').first().should('have.text', text);\n});",
              "err": {},
              "uuid": "c293ab0c-d2ad-4a75-a113-ae976fe07e73",
              "parentUUID": "5ec48cec-ffb7-4a53-affb-ba7706ca944d",
              "isHook": false,
              "skipped": false
            },
            {
              "title": "Пошук по назві Товара ",
              "fullTitle": "Find|Master|UA|Desktop| Пошук по назві Товара ",
              "timedOut": null,
              "duration": 24983,
              "state": "failed",
              "speed": null,
              "pass": false,
              "fail": true,
              "pending": false,
              "context": "\"screenshots/find.spec.js/Find|Master|UA|Desktop| -- Пошук по назві Товара  (failed).png\"",
              "code": "cy.visit('/');\ncy.contains('Довідник').click({\n  force: true\n});\ncy.contains('Товари').click({\n  force: true\n});\ncy.get('h1').should('have.text', 'Товари');\ncy.wait(3000);\ncy.get('[data-row-key] > :nth-child(1) > :nth-child(1) > :nth-child(2)').eq(2).invoke('text').then(text => {\n  const nameProduct = text.split(' ');\n  cy.get('.ant-select-selection-search').first().type(nameProduct[0]);\n  cy.wait(2000);\n  cy.get('.ant-select-item').contains('Товари').click();\n  cy.get('[data-row-key] > :nth-child(1) > :nth-child(1) > :nth-child(2)').first().should('have.text', text);\n});",
              "err": {
                "message": "AssertionError: Timed out retrying after 4000ms: expected '<div>' to have text 'Хладагенти (фреони) R134A', but the text was 'Хладагенти (фреони) R134A - Омега'",
                "estack": "AssertionError: Timed out retrying after 4000ms: expected '<div>' to have text 'Хладагенти (фреони) R134A', but the text was 'Хладагенти (фреони) R134A - Омега'\n    at Context.eval (https://dev-my.carbook.pro/__cypress/tests?p=cypress/integration/find.spec.js:831:88)\n    at executeFn (https://dev-my.carbook.pro/__cypress/tests?p=cypress/support/index.js:3111:22)\n    at Context.eval (https://dev-my.carbook.pro/__cypress/tests?p=cypress/support/index.js:3124:12)",
                "diff": "- 'Хладагенти (фреони) R134A - Омега'\n+ 'Хладагенти (фреони) R134A'\n"
              },
              "uuid": "d17b93ab-d55c-4ddb-bebe-b9b48d8b9536",
              "parentUUID": "5ec48cec-ffb7-4a53-affb-ba7706ca944d",
              "isHook": false,
              "skipped": false
            },
            {
              "title": "Пошук по короткій назві / Замовлення постачальнику / ORD",
              "fullTitle": "Find|Master|UA|Desktop| Пошук по короткій назві / Замовлення постачальнику / ORD",
              "timedOut": null,
              "duration": 24735,
              "state": "passed",
              "speed": "slow",
              "pass": true,
              "fail": false,
              "pending": false,
              "context": "\"screenshots/find.spec.js/Find|Master|UA|Desktop| -- Пошук по короткій назві / Замовлення постачальнику / ORD (failed).png\"",
              "code": "cy.visit('/');\nbaseStorage.openDocsBtn(7);\ncy.get('tr > td > a').eq(2).invoke('text').then(text => {\n  const nameDoc = text.split('-');\n  cy.get('.ant-select-selection-search').first().type(nameDoc[nameDoc.length - 1]);\n  cy.wait(2000);\n  cy.get('.ant-select-item').contains('Замовлення постачальнику').click();\n  cy.wait(2000);\n  cy.get('tr > td > a').first().should('have.text', text);\n  cy.get('.ant-table-row > :nth-child(5)').first().contains('Замовлення постачальнику');\n});",
              "err": {},
              "uuid": "b4fce809-9f93-42c9-8f2b-0512a8c3fadf",
              "parentUUID": "5ec48cec-ffb7-4a53-affb-ba7706ca944d",
              "isHook": false,
              "skipped": false
            },
            {
              "title": "Пошук за повною назвою / Прихід за замовленням / COM",
              "fullTitle": "Find|Master|UA|Desktop| Пошук за повною назвою / Прихід за замовленням / COM",
              "timedOut": null,
              "duration": 25924,
              "state": "passed",
              "speed": "slow",
              "pass": true,
              "fail": false,
              "pending": false,
              "context": "\"screenshots/find.spec.js/Find|Master|UA|Desktop| -- Пошук за повною назвою / Прихід за замовленням / COM (failed).png\"",
              "code": "cy.visit('/');\nbaseStorage.openDocsBtn(8);\ncy.get('tr > td > a').eq(2).invoke('text').then(text => {\n  cy.get('.ant-select-selection-search').first().type(text);\n  cy.wait(2000);\n  cy.get('.ant-select-item').contains('Замовлення постачальнику').click();\n  cy.wait(2000);\n  cy.get('tr > td > a').first().should('have.text', text);\n  cy.get('.ant-table-row > :nth-child(5)').first().contains('Прихід за замовленням');\n});",
              "err": {},
              "uuid": "9a5469bb-3f0f-4104-84f5-7f5e5ffa05c0",
              "parentUUID": "5ec48cec-ffb7-4a53-affb-ba7706ca944d",
              "isHook": false,
              "skipped": false
            },
            {
              "title": "Пошук по короткій назві / Коригування замовлення / BOR",
              "fullTitle": "Find|Master|UA|Desktop| Пошук по короткій назві / Коригування замовлення / BOR",
              "timedOut": null,
              "duration": 24121,
              "state": "passed",
              "speed": "slow",
              "pass": true,
              "fail": false,
              "pending": false,
              "context": "\"screenshots/find.spec.js/Find|Master|UA|Desktop| -- Пошук по короткій назві / Коригування замовлення / BOR (failed).png\"",
              "code": "cy.visit('/');\nbaseStorage.openDocsBtn(9);\ncy.get('tr > td > a').eq(2).invoke('text').then(text => {\n  const nameDoc = text.split('-');\n  cy.get('.ant-select-selection-search').first().type(nameDoc[nameDoc.length - 1]);\n  cy.wait(2000);\n  cy.get('.ant-select-item').contains('Замовлення постачальнику').click();\n  cy.wait(2000);\n  cy.get('tr > td > a').first().should('have.text', text);\n  cy.get('.ant-table-row > :nth-child(5)').first().contains('Коригування замовлення');\n});",
              "err": {},
              "uuid": "101f9f41-2349-4262-ac1e-20e5f450368c",
              "parentUUID": "5ec48cec-ffb7-4a53-affb-ba7706ca944d",
              "isHook": false,
              "skipped": false
            },
            {
              "title": "Пошук за повною назвою / Прихід Товару / INC",
              "fullTitle": "Find|Master|UA|Desktop| Пошук за повною назвою / Прихід Товару / INC",
              "timedOut": null,
              "duration": 25929,
              "state": "passed",
              "speed": "slow",
              "pass": true,
              "fail": false,
              "pending": false,
              "context": "\"screenshots/find.spec.js/Find|Master|UA|Desktop| -- Пошук за повною назвою / Прихід Товару / INC (failed).png\"",
              "code": "cy.visit('/');\nbaseStorage.openDocsBtn(10);\ncy.get('tr > td > a').eq(2).invoke('text').then(text => {\n  cy.get('.ant-select-selection-search').first().type(text);\n  cy.wait(2000);\n  cy.get('.ant-select-item').contains('Приходи на склад').click();\n  cy.wait(2000);\n  cy.get('tr > td > a').first().should('have.text', text);\n  cy.get('.ant-table-row > :nth-child(7)').first().contains('Прихід від постачальника');\n});",
              "err": {},
              "uuid": "b65edcec-b9fe-4040-9ac3-1e4021d03170",
              "parentUUID": "5ec48cec-ffb7-4a53-affb-ba7706ca944d",
              "isHook": false,
              "skipped": false
            },
            {
              "title": "Пошук по короткій назві / Повернення постачальнику / SRT",
              "fullTitle": "Find|Master|UA|Desktop| Пошук по короткій назві / Повернення постачальнику / SRT",
              "timedOut": null,
              "duration": 24058,
              "state": "passed",
              "speed": "slow",
              "pass": true,
              "fail": false,
              "pending": false,
              "context": "\"screenshots/find.spec.js/Find|Master|UA|Desktop| -- Пошук по короткій назві / Повернення постачальнику / SRT (failed).png\"",
              "code": "cy.visit('/');\nbaseStorage.openDocsBtn(12);\ncy.get('tr > td > a').eq(2).invoke('text').then(text => {\n  const nameDoc = text.split('-');\n  cy.get('.ant-select-selection-search').first().type(nameDoc[nameDoc.length - 1]);\n  cy.wait(2000);\n  cy.get('.ant-select-item').contains('Витрати зі складу').click();\n  cy.wait(2000);\n  cy.get('tr > td > a').first().should('have.text', text);\n  cy.get('.ant-table-row > :nth-child(7)').first().contains('Повернення постачальнику');\n});",
              "err": {},
              "uuid": "469e4f27-1157-4ce3-b8f2-123e5d84f6f1",
              "parentUUID": "5ec48cec-ffb7-4a53-affb-ba7706ca944d",
              "isHook": false,
              "skipped": false
            },
            {
              "title": "Пошук за повною назвою / Послуги / SRV",
              "fullTitle": "Find|Master|UA|Desktop| Пошук за повною назвою / Послуги / SRV",
              "timedOut": null,
              "duration": 23662,
              "state": "passed",
              "speed": "slow",
              "pass": true,
              "fail": false,
              "pending": false,
              "context": "\"screenshots/find.spec.js/Find|Master|UA|Desktop| -- Пошук за повною назвою / Послуги / SRV (failed).png\"",
              "code": "cy.visit('/');\nbaseStorage.openDocsBtn(11);\ncy.get('tr > td > a').eq(2).invoke('text').then(text => {\n  cy.get('.ant-select-selection-search').first().type(text);\n  cy.wait(2000);\n  cy.get('.ant-select-item').contains('Приходи на склад').click();\n  cy.get('tr > td > a').first().should('have.text', text);\n  cy.get('.ant-table-row > :nth-child(7)').first().contains('Послуги');\n});",
              "err": {},
              "uuid": "c3e77da3-75e5-4656-834c-444b2cbc7930",
              "parentUUID": "5ec48cec-ffb7-4a53-affb-ba7706ca944d",
              "isHook": false,
              "skipped": false
            },
            {
              "title": "Пошук по короткій назві / Витрати товару / OUT",
              "fullTitle": "Find|Master|UA|Desktop| Пошук по короткій назві / Витрати товару / OUT",
              "timedOut": null,
              "duration": 23833,
              "state": "passed",
              "speed": "slow",
              "pass": true,
              "fail": false,
              "pending": false,
              "context": "\"screenshots/find.spec.js/Find|Master|UA|Desktop| -- Пошук по короткій назві / Витрати товару / OUT (failed).png\"",
              "code": "cy.visit('/');\nbaseStorage.openDocsBtn(15);\ncy.get('tr > td > a').eq(2).invoke('text').then(text => {\n  const nameDoc = text.split('-');\n  cy.get('.ant-select-selection-search').first().type(nameDoc[nameDoc.length - 1]);\n  cy.wait(2000);\n  cy.get('.ant-select-item').contains('Витрати зі складу').click();\n  cy.get('tr > td > a').first().should('have.text', text);\n  cy.get('.ant-table-row > :nth-child(7)').first().contains('Продаж'); // тип документа в таблиці\n});",
              "err": {},
              "uuid": "f245fd98-77d6-4ee3-a86b-be0c7fb95472",
              "parentUUID": "5ec48cec-ffb7-4a53-affb-ba7706ca944d",
              "isHook": false,
              "skipped": false
            },
            {
              "title": "Пошук за повною назвою / Витрати з НЗ / AUT",
              "fullTitle": "Find|Master|UA|Desktop| Пошук за повною назвою / Витрати з НЗ / AUT",
              "timedOut": null,
              "duration": 23705,
              "state": "passed",
              "speed": "slow",
              "pass": true,
              "fail": false,
              "pending": false,
              "context": "\"screenshots/find.spec.js/Find|Master|UA|Desktop| -- Пошук за повною назвою / Витрати з НЗ / AUT (failed).png\"",
              "code": "cy.visit('/');\nbaseStorage.openDocsBtn(16);\ncy.get('tr > td > a').eq(2).invoke('text').then(text => {\n  cy.get('.ant-select-selection-search').first().type(text);\n  cy.wait(2000);\n  cy.get('.ant-select-item').contains('Витрати зі складу').click();\n  cy.get('tr > td > a').first().should('have.text', text);\n  cy.get('.ant-table-row > :nth-child(7)').first().contains('Продаж');\n});",
              "err": {},
              "uuid": "1b9128c6-aab8-4c91-aebe-191b769305d0",
              "parentUUID": "5ec48cec-ffb7-4a53-affb-ba7706ca944d",
              "isHook": false,
              "skipped": false
            },
            {
              "title": "Пошук по короткій назві / Витрати з НЗ / AUT",
              "fullTitle": "Find|Master|UA|Desktop| Пошук по короткій назві / Витрати з НЗ / AUT",
              "timedOut": null,
              "duration": 22336,
              "state": "passed",
              "speed": "slow",
              "pass": true,
              "fail": false,
              "pending": false,
              "context": "\"screenshots/find.spec.js/Find|Master|UA|Desktop| -- Пошук по короткій назві / Витрати з НЗ / AUT (failed).png\"",
              "code": "cy.visit('/');\nbaseStorage.openDocsBtn(16);\ncy.get('tr > td > a').eq(2).invoke('text').then(text => {\n  const nameDoc = text.split('-');\n  cy.get('.ant-select-selection-search').first().type(nameDoc[nameDoc.length - 1]);\n  cy.wait(2000);\n  cy.get('.ant-select-item').contains('Витрати зі складу').click();\n  cy.get('tr > td > a').first().should('have.text', text);\n  cy.get('.ant-table-row > :nth-child(7)').first().contains('Продаж');\n});",
              "err": {},
              "uuid": "bf8638e5-c7d2-442c-a568-a28ee2495941",
              "parentUUID": "5ec48cec-ffb7-4a53-affb-ba7706ca944d",
              "isHook": false,
              "skipped": false
            },
            {
              "title": "Пошук по короткій назві / Повернення від клієнта / CRT ",
              "fullTitle": "Find|Master|UA|Desktop| Пошук по короткій назві / Повернення від клієнта / CRT ",
              "timedOut": null,
              "duration": 22302,
              "state": "passed",
              "speed": "slow",
              "pass": true,
              "fail": false,
              "pending": false,
              "context": "\"screenshots/find.spec.js/Find|Master|UA|Desktop| -- Пошук по короткій назві / Повернення від клієнта / CRT  (failed).png\"",
              "code": "cy.visit('/');\nbaseStorage.openDocsBtn(17);\ncy.get('tr > td > a').eq(2).invoke('text').then(text => {\n  const nameDoc = text.split('-');\n  cy.get('.ant-select-selection-search').first().type(nameDoc[nameDoc.length - 1]);\n  cy.wait(2000);\n  cy.get('.ant-select-item').contains('Приходи на склад').click();\n  cy.get('tr > td > a').first().should('have.text', text);\n  cy.get('.ant-table-row > :nth-child(7)').first().contains('Повернення від клієнта');\n});",
              "err": {},
              "uuid": "4552d88d-f236-49c0-b6a4-27af713922ff",
              "parentUUID": "5ec48cec-ffb7-4a53-affb-ba7706ca944d",
              "isHook": false,
              "skipped": false
            }
          ],
          "suites": [],
          "passes": [
            "f2c63fe2-2343-44ec-9733-e93f47f089aa",
            "2486fa76-4367-4129-93ba-119db4e01086",
            "ff44beb9-d2e3-4f88-a6de-9178269debcd",
            "2fdf19ef-aca3-468f-bc11-71543b80adbe",
            "ff68a74e-c52e-48be-9b6e-153b0cfed7b7",
            "c293ab0c-d2ad-4a75-a113-ae976fe07e73",
            "b4fce809-9f93-42c9-8f2b-0512a8c3fadf",
            "9a5469bb-3f0f-4104-84f5-7f5e5ffa05c0",
            "101f9f41-2349-4262-ac1e-20e5f450368c",
            "b65edcec-b9fe-4040-9ac3-1e4021d03170",
            "469e4f27-1157-4ce3-b8f2-123e5d84f6f1",
            "c3e77da3-75e5-4656-834c-444b2cbc7930",
            "f245fd98-77d6-4ee3-a86b-be0c7fb95472",
            "1b9128c6-aab8-4c91-aebe-191b769305d0",
            "bf8638e5-c7d2-442c-a568-a28ee2495941",
            "4552d88d-f236-49c0-b6a4-27af713922ff"
          ],
          "failures": [
            "20703a52-1142-4429-8fdc-80fa47d5465e",
            "ec23de33-9df5-492b-ba1b-6842d0bf53ff",
            "d17b93ab-d55c-4ddb-bebe-b9b48d8b9536"
          ],
          "pending": [],
          "skipped": [],
          "duration": 415212,
          "root": false,
          "rootEmpty": false,
          "_timeout": 2000
        }
      ],
      "passes": [],
      "failures": [],
      "pending": [],
      "skipped": [],
      "duration": 0,
      "root": true,
      "rootEmpty": true,
      "_timeout": 2000
    }
  ],
  "meta": {
    "mocha": {
      "version": "7.0.1"
    },
    "mochawesome": {
      "options": {
        "quiet": false,
        "reportFilename": "mochawesome",
        "saveHtml": false,
        "saveJson": true,
        "consoleReporter": "spec",
        "useInlineDiffs": false,
        "code": true
      },
      "version": "7.1.1"
    },
    "marge": {
      "options": {
        "id": "default",
        "reportDir": "cypress/results/json",
        "overwrite": false,
        "html": false,
        "json": true
      },
      "version": "6.1.0"
    }
  }
}