{
  "stats": {
    "suites": 1,
    "tests": 19,
    "passes": 16,
    "pending": 0,
    "failures": 3,
    "start": "2022-03-22T13:01:46.734Z",
    "end": "2022-03-22T13:09:03.938Z",
    "duration": 437204,
    "testsRegistered": 19,
    "passPercent": 84.21052631578947,
    "pendingPercent": 0,
    "other": 0,
    "hasOther": false,
    "skipped": 0,
    "hasSkipped": false
  },
  "results": [
    {
      "uuid": "28d42efd-3ce9-4314-b94f-0b5ab1366cfc",
      "title": "",
      "fullFile": "cypress/integration/find.spec.js",
      "file": "cypress/integration/find.spec.js",
      "beforeHooks": [],
      "afterHooks": [],
      "tests": [],
      "suites": [
        {
          "uuid": "9cf62396-fe33-401a-8282-6b3a554cfefd",
          "title": "Find|Master|UA|Desktop|",
          "fullFile": "",
          "file": "",
          "beforeHooks": [],
          "afterHooks": [],
          "tests": [
            {
              "title": "Профіль вибір українського інтерфейсу",
              "fullTitle": "Find|Master|UA|Desktop| Профіль вибір українського інтерфейсу",
              "timedOut": null,
              "duration": 30738,
              "state": "passed",
              "speed": "slow",
              "pass": true,
              "fail": false,
              "pending": false,
              "context": "\"screenshots/find.spec.js/Find|Master|UA|Desktop| -- Профіль вибір українського інтерфейсу (failed).png\"",
              "code": "cy.visit('/');\ncy.get('img').eq(0).click({\n  force: true\n}); //menu\nprofilePage.selectUA();",
              "err": {},
              "uuid": "ba296c25-1314-4cdc-9e8e-7b18588b8baf",
              "parentUUID": "9cf62396-fe33-401a-8282-6b3a554cfefd",
              "isHook": false,
              "skipped": false
            },
            {
              "title": "Пошук по імені Клієнта",
              "fullTitle": "Find|Master|UA|Desktop| Пошук по імені Клієнта",
              "timedOut": null,
              "duration": 20973,
              "state": "passed",
              "speed": "slow",
              "pass": true,
              "fail": false,
              "pending": false,
              "context": "\"screenshots/find.spec.js/Find|Master|UA|Desktop| -- Пошук по імені Клієнта (failed).png\"",
              "code": "cy.visit('/');\ncy.contains('Довідник').click({\n  force: true\n});\ncy.contains('Клієнти').click({\n  force: true\n});\ncy.get('h1').should('have.text', 'Клієнти');\ncy.wait(3000);\ncy.get('tr > td > a').first().invoke('text').then(text => {\n  var clientName = text;\n  cy.get('.ant-select-selection-search').first().type(clientName);\n  cy.wait(2000);\n  cy.get('.ant-select-item').contains('Клієнт').click({\n    force: true\n  });\n  cy.get('tr > td > a').first().should('have.text', clientName);\n});",
              "err": {},
              "uuid": "3d7ec387-54ec-46f6-b1ac-9d94ffe72435",
              "parentUUID": "9cf62396-fe33-401a-8282-6b3a554cfefd",
              "isHook": false,
              "skipped": false
            },
            {
              "title": "Пошук по мобільному номеру Клієнта",
              "fullTitle": "Find|Master|UA|Desktop| Пошук по мобільному номеру Клієнта",
              "timedOut": null,
              "duration": 23303,
              "state": "passed",
              "speed": "slow",
              "pass": true,
              "fail": false,
              "pending": false,
              "context": "\"screenshots/find.spec.js/Find|Master|UA|Desktop| -- Пошук по мобільному номеру Клієнта (failed).png\"",
              "code": "cy.visit('/');\ncy.contains('Довідник').click({\n  force: true\n});\ncy.contains('Клієнти').click({\n  force: true\n});\ncy.get('h1').should('have.text', 'Клієнти');\ncy.wait(3000);\ncy.get('tr > td > a').eq(1).invoke('text').then(text => {\n  var clientName = text;\n  cy.get('.ant-select-selection-search').first().type(clientName);\n  cy.wait(2000);\n  cy.get('.ant-select-item').contains('Клієнт').click({\n    force: true\n  });\n  cy.get('tr > td > a').eq(1).should('have.text', clientName);\n});",
              "err": {},
              "uuid": "c81a5ed3-249a-4936-acff-c393e6fa70e7",
              "parentUUID": "9cf62396-fe33-401a-8282-6b3a554cfefd",
              "isHook": false,
              "skipped": false
            },
            {
              "title": "Пошук за повною назвою НЗ",
              "fullTitle": "Find|Master|UA|Desktop| Пошук за повною назвою НЗ",
              "timedOut": null,
              "duration": 20447,
              "state": "passed",
              "speed": "slow",
              "pass": true,
              "fail": false,
              "pending": false,
              "context": "\"screenshots/find.spec.js/Find|Master|UA|Desktop| -- Пошук за повною назвою НЗ (failed).png\"",
              "code": "cy.visit('/');\ncy.contains('Довідник').click({\n  force: true\n});\ncy.contains('Ремонти').click({\n  force: true\n});\ncy.get('h1').should('have.text', 'Нові');\ncy.wait(3000);\ncy.get('tr > td > a').eq(2).invoke('text').then(text => {\n  var clientName = text;\n  cy.get('.ant-select-selection-search').first().type(clientName);\n  cy.wait(2000);\n  cy.get('.ant-select-item').contains('Новий').click({\n    force: true\n  });\n  cy.get('tr > td > a').should('have.text', clientName);\n});",
              "err": {},
              "uuid": "5aaa9f5a-7b0a-4aa9-abb1-005fe470bc1a",
              "parentUUID": "9cf62396-fe33-401a-8282-6b3a554cfefd",
              "isHook": false,
              "skipped": false
            },
            {
              "title": "Пошук по короткій назві НЗ",
              "fullTitle": "Find|Master|UA|Desktop| Пошук по короткій назві НЗ",
              "timedOut": null,
              "duration": 20280,
              "state": "passed",
              "speed": "slow",
              "pass": true,
              "fail": false,
              "pending": false,
              "context": "\"screenshots/find.spec.js/Find|Master|UA|Desktop| -- Пошук по короткій назві НЗ (failed).png\"",
              "code": "cy.visit('/');\ncy.contains('Довідник').click({\n  force: true\n});\ncy.contains('Ремонти').click({\n  force: true\n});\ncy.get('h1').should('have.text', 'Нові');\ncy.wait(3000);\ncy.get('tr > td > a').eq(2).invoke('text').then(text => {\n  const shotNZ = text.split('-');\n  cy.get('.ant-select-selection-search').first().type(shotNZ[shotNZ.length - 1]);\n  cy.wait(2000);\n  cy.get('.ant-select-item').contains('Новий').click();\n  cy.get('tr > td > a').should('have.text', text);\n});",
              "err": {},
              "uuid": "17b340b4-5947-4315-8309-3b3610b2cc08",
              "parentUUID": "9cf62396-fe33-401a-8282-6b3a554cfefd",
              "isHook": false,
              "skipped": false
            },
            {
              "title": "Пошук по VIN а/м ",
              "fullTitle": "Find|Master|UA|Desktop| Пошук по VIN а/м ",
              "timedOut": null,
              "duration": 11675,
              "state": "failed",
              "speed": null,
              "pass": false,
              "fail": true,
              "pending": false,
              "context": "\"screenshots/find.spec.js/Find|Master|UA|Desktop| -- Пошук по VIN а/м  (failed).png\"",
              "code": "cy.visit('/');\ncy.contains('Довідник').click({\n  force: true\n});\ncy.contains('Автомобілі').click({\n  force: true\n});\ncy.get('h1').should('have.text', 'Автомобілі');\ncy.wait(3000);\ncy.get('tr > td').eq(3).invoke('text').then(text => {\n  cy.get('.ant-select-selection-search').first().type(text);\n  cy.wait(4000);\n  cy.get('.ant-select-item').contains('Автомобілі').click();\n  cy.get('.ant-table-row > :nth-child(4)').first().should('have.text', text);\n});",
              "err": {
                "message": "CypressError: `cy.type()` cannot accept an empty string. You need to actually type something.\n\nhttps://on.cypress.io/type",
                "estack": "CypressError: `cy.type()` cannot accept an empty string. You need to actually type something.\n\nhttps://on.cypress.io/type\n    at Context.type (https://dev-my.carbook.pro/__cypress/runner/cypress_runner.js:139763:17)\n    at Context.<anonymous> (https://dev-my.carbook.pro/__cypress/runner/cypress_runner.js:157771:21)\nFrom Your Spec Code:\n    at Context.eval (https://dev-my.carbook.pro/__cypress/tests?p=cypress/integration/find.spec.js:775:54)\n    at executeFn (https://dev-my.carbook.pro/__cypress/tests?p=cypress/support/index.js:3111:22)\n    at Context.eval (https://dev-my.carbook.pro/__cypress/tests?p=cypress/support/index.js:3124:12)",
                "diff": null
              },
              "uuid": "09daa17f-bc67-4281-9f92-98cceb532e94",
              "parentUUID": "9cf62396-fe33-401a-8282-6b3a554cfefd",
              "isHook": false,
              "skipped": false
            },
            {
              "title": "Пошук по Державному Номеру а/м ",
              "fullTitle": "Find|Master|UA|Desktop| Пошук по Державному Номеру а/м ",
              "timedOut": null,
              "duration": 11979,
              "state": "failed",
              "speed": null,
              "pass": false,
              "fail": true,
              "pending": false,
              "context": "\"screenshots/find.spec.js/Find|Master|UA|Desktop| -- Пошук по Державному Номеру а/м  (failed).png\"",
              "code": "cy.visit('/');\ncy.contains('Довідник').click({\n  force: true\n});\ncy.contains('Автомобілі').click({\n  force: true\n});\ncy.get('h1').should('have.text', 'Автомобілі');\ncy.wait(3000);\ncy.get('tr > td').eq(2).invoke('text').then(text => {\n  cy.get('.ant-select-selection-search').first().type(text);\n  cy.wait(2000);\n  cy.get('.ant-select-item').contains('Автомобілі').click();\n  cy.wait(2000);\n  cy.get('.ant-table-row > :nth-child(3)').first().should('have.text', text);\n});",
              "err": {
                "message": "CypressError: `cy.type()` cannot accept an empty string. You need to actually type something.\n\nhttps://on.cypress.io/type",
                "estack": "CypressError: `cy.type()` cannot accept an empty string. You need to actually type something.\n\nhttps://on.cypress.io/type\n    at Context.type (https://dev-my.carbook.pro/__cypress/runner/cypress_runner.js:139763:17)\n    at Context.<anonymous> (https://dev-my.carbook.pro/__cypress/runner/cypress_runner.js:157771:21)\nFrom Your Spec Code:\n    at Context.eval (https://dev-my.carbook.pro/__cypress/tests?p=cypress/integration/find.spec.js:792:54)\n    at executeFn (https://dev-my.carbook.pro/__cypress/tests?p=cypress/support/index.js:3111:22)\n    at Context.eval (https://dev-my.carbook.pro/__cypress/tests?p=cypress/support/index.js:3124:12)",
                "diff": null
              },
              "uuid": "631200f7-d1c4-4502-9deb-2d72c3ac750b",
              "parentUUID": "9cf62396-fe33-401a-8282-6b3a554cfefd",
              "isHook": false,
              "skipped": false
            },
            {
              "title": "Пошук по коду Товара ",
              "fullTitle": "Find|Master|UA|Desktop| Пошук по коду Товара ",
              "timedOut": null,
              "duration": 20810,
              "state": "passed",
              "speed": "slow",
              "pass": true,
              "fail": false,
              "pending": false,
              "context": "\"screenshots/find.spec.js/Find|Master|UA|Desktop| -- Пошук по коду Товара  (failed).png\"",
              "code": "cy.visit('/');\ncy.contains('Довідник').click({\n  force: true\n});\ncy.contains('Товари').click({\n  force: true\n});\ncy.get('h1').should('have.text', 'Товари');\ncy.wait(3000);\ncy.get('[data-row-key] > :nth-child(1) > :nth-child(1) > a > div').first().invoke('text').then(text => {\n  cy.get('.ant-select-selection-search').first().type(text);\n  cy.wait(2000);\n  cy.get('.ant-select-item').contains('Товари').click();\n  cy.get('[data-row-key] > :nth-child(1) > :nth-child(1) > a > div').first().should('have.text', text);\n});",
              "err": {},
              "uuid": "d4464b88-4a8e-4ed6-839f-867641fbfeba",
              "parentUUID": "9cf62396-fe33-401a-8282-6b3a554cfefd",
              "isHook": false,
              "skipped": false
            },
            {
              "title": "Пошук по назві Товара ",
              "fullTitle": "Find|Master|UA|Desktop| Пошук по назві Товара ",
              "timedOut": null,
              "duration": 26033,
              "state": "failed",
              "speed": null,
              "pass": false,
              "fail": true,
              "pending": false,
              "context": "\"screenshots/find.spec.js/Find|Master|UA|Desktop| -- Пошук по назві Товара  (failed).png\"",
              "code": "cy.visit('/');\ncy.contains('Довідник').click({\n  force: true\n});\ncy.contains('Товари').click({\n  force: true\n});\ncy.get('h1').should('have.text', 'Товари');\ncy.wait(3000);\ncy.get('[data-row-key] > :nth-child(1) > :nth-child(1) > :nth-child(2)').eq(2).invoke('text').then(text => {\n  const nameProduct = text.split(' ');\n  cy.get('.ant-select-selection-search').first().type(nameProduct[0]);\n  cy.wait(2000);\n  cy.get('.ant-select-item').contains('Товари').click();\n  cy.get('[data-row-key] > :nth-child(1) > :nth-child(1) > :nth-child(2)').first().should('have.text', text);\n});",
              "err": {
                "message": "AssertionError: Timed out retrying after 4000ms: expected '<div>' to have text 'Хладагенти (фреони) R134A', but the text was 'Хладагенти (фреони) R134A - Омега'",
                "estack": "AssertionError: Timed out retrying after 4000ms: expected '<div>' to have text 'Хладагенти (фреони) R134A', but the text was 'Хладагенти (фреони) R134A - Омега'\n    at Context.eval (https://dev-my.carbook.pro/__cypress/tests?p=cypress/integration/find.spec.js:831:88)\n    at executeFn (https://dev-my.carbook.pro/__cypress/tests?p=cypress/support/index.js:3111:22)\n    at Context.eval (https://dev-my.carbook.pro/__cypress/tests?p=cypress/support/index.js:3124:12)",
                "diff": "- 'Хладагенти (фреони) R134A - Омега'\n+ 'Хладагенти (фреони) R134A'\n"
              },
              "uuid": "e5a27207-1e5b-41ff-8d95-a89fb31f78b8",
              "parentUUID": "9cf62396-fe33-401a-8282-6b3a554cfefd",
              "isHook": false,
              "skipped": false
            },
            {
              "title": "Пошук по короткій назві / Замовлення постачальнику / ORD",
              "fullTitle": "Find|Master|UA|Desktop| Пошук по короткій назві / Замовлення постачальнику / ORD",
              "timedOut": null,
              "duration": 25015,
              "state": "passed",
              "speed": "slow",
              "pass": true,
              "fail": false,
              "pending": false,
              "context": "\"screenshots/find.spec.js/Find|Master|UA|Desktop| -- Пошук по короткій назві / Замовлення постачальнику / ORD (failed).png\"",
              "code": "cy.visit('/');\nbaseStorage.openDocsBtn(7);\ncy.get('tr > td > a').eq(2).invoke('text').then(text => {\n  const nameDoc = text.split('-');\n  cy.get('.ant-select-selection-search').first().type(nameDoc[nameDoc.length - 1]);\n  cy.wait(2000);\n  cy.get('.ant-select-item').contains('Замовлення постачальнику').click();\n  cy.wait(2000);\n  cy.get('tr > td > a').first().should('have.text', text);\n  cy.get('.ant-table-row > :nth-child(5)').first().contains('Замовлення постачальнику');\n});",
              "err": {},
              "uuid": "9bf32dec-a48d-4435-b779-e6bf304572b4",
              "parentUUID": "9cf62396-fe33-401a-8282-6b3a554cfefd",
              "isHook": false,
              "skipped": false
            },
            {
              "title": "Пошук за повною назвою / Прихід за замовленням / COM",
              "fullTitle": "Find|Master|UA|Desktop| Пошук за повною назвою / Прихід за замовленням / COM",
              "timedOut": null,
              "duration": 25465,
              "state": "passed",
              "speed": "slow",
              "pass": true,
              "fail": false,
              "pending": false,
              "context": "\"screenshots/find.spec.js/Find|Master|UA|Desktop| -- Пошук за повною назвою / Прихід за замовленням / COM (failed).png\"",
              "code": "cy.visit('/');\nbaseStorage.openDocsBtn(8);\ncy.get('tr > td > a').eq(2).invoke('text').then(text => {\n  cy.get('.ant-select-selection-search').first().type(text);\n  cy.wait(2000);\n  cy.get('.ant-select-item').contains('Замовлення постачальнику').click();\n  cy.wait(2000);\n  cy.get('tr > td > a').first().should('have.text', text);\n  cy.get('.ant-table-row > :nth-child(5)').first().contains('Прихід за замовленням');\n});",
              "err": {},
              "uuid": "676298c0-17a1-4d4f-ac3e-64c5f3b895ff",
              "parentUUID": "9cf62396-fe33-401a-8282-6b3a554cfefd",
              "isHook": false,
              "skipped": false
            },
            {
              "title": "Пошук по короткій назві / Коригування замовлення / BOR",
              "fullTitle": "Find|Master|UA|Desktop| Пошук по короткій назві / Коригування замовлення / BOR",
              "timedOut": null,
              "duration": 24373,
              "state": "passed",
              "speed": "slow",
              "pass": true,
              "fail": false,
              "pending": false,
              "context": "\"screenshots/find.spec.js/Find|Master|UA|Desktop| -- Пошук по короткій назві / Коригування замовлення / BOR (failed).png\"",
              "code": "cy.visit('/');\nbaseStorage.openDocsBtn(9);\ncy.get('tr > td > a').eq(2).invoke('text').then(text => {\n  const nameDoc = text.split('-');\n  cy.get('.ant-select-selection-search').first().type(nameDoc[nameDoc.length - 1]);\n  cy.wait(2000);\n  cy.get('.ant-select-item').contains('Замовлення постачальнику').click();\n  cy.wait(2000);\n  cy.get('tr > td > a').first().should('have.text', text);\n  cy.get('.ant-table-row > :nth-child(5)').first().contains('Коригування замовлення');\n});",
              "err": {},
              "uuid": "22e81ede-7917-4bb8-94df-b1292e02db29",
              "parentUUID": "9cf62396-fe33-401a-8282-6b3a554cfefd",
              "isHook": false,
              "skipped": false
            },
            {
              "title": "Пошук за повною назвою / Прихід Товару / INC",
              "fullTitle": "Find|Master|UA|Desktop| Пошук за повною назвою / Прихід Товару / INC",
              "timedOut": null,
              "duration": 25554,
              "state": "passed",
              "speed": "slow",
              "pass": true,
              "fail": false,
              "pending": false,
              "context": "\"screenshots/find.spec.js/Find|Master|UA|Desktop| -- Пошук за повною назвою / Прихід Товару / INC (failed).png\"",
              "code": "cy.visit('/');\nbaseStorage.openDocsBtn(10);\ncy.get('tr > td > a').eq(2).invoke('text').then(text => {\n  cy.get('.ant-select-selection-search').first().type(text);\n  cy.wait(2000);\n  cy.get('.ant-select-item').contains('Приходи на склад').click();\n  cy.wait(2000);\n  cy.get('tr > td > a').first().should('have.text', text);\n  cy.get('.ant-table-row > :nth-child(7)').first().contains('Прихід від постачальника');\n});",
              "err": {},
              "uuid": "70796136-f4bf-4390-859b-ad3c46d5f65a",
              "parentUUID": "9cf62396-fe33-401a-8282-6b3a554cfefd",
              "isHook": false,
              "skipped": false
            },
            {
              "title": "Пошук по короткій назві / Повернення постачальнику / SRT",
              "fullTitle": "Find|Master|UA|Desktop| Пошук по короткій назві / Повернення постачальнику / SRT",
              "timedOut": null,
              "duration": 25599,
              "state": "passed",
              "speed": "slow",
              "pass": true,
              "fail": false,
              "pending": false,
              "context": "\"screenshots/find.spec.js/Find|Master|UA|Desktop| -- Пошук по короткій назві / Повернення постачальнику / SRT (failed).png\"",
              "code": "cy.visit('/');\nbaseStorage.openDocsBtn(12);\ncy.get('tr > td > a').eq(2).invoke('text').then(text => {\n  const nameDoc = text.split('-');\n  cy.get('.ant-select-selection-search').first().type(nameDoc[nameDoc.length - 1]);\n  cy.wait(2000);\n  cy.get('.ant-select-item').contains('Витрати зі складу').click();\n  cy.wait(2000);\n  cy.get('tr > td > a').first().should('have.text', text);\n  cy.get('.ant-table-row > :nth-child(7)').first().contains('Повернення постачальнику');\n});",
              "err": {},
              "uuid": "bcae196b-b24b-432b-b779-455b9f8c9799",
              "parentUUID": "9cf62396-fe33-401a-8282-6b3a554cfefd",
              "isHook": false,
              "skipped": false
            },
            {
              "title": "Пошук за повною назвою / Послуги / SRV",
              "fullTitle": "Find|Master|UA|Desktop| Пошук за повною назвою / Послуги / SRV",
              "timedOut": null,
              "duration": 26716,
              "state": "passed",
              "speed": "slow",
              "pass": true,
              "fail": false,
              "pending": false,
              "context": "\"screenshots/find.spec.js/Find|Master|UA|Desktop| -- Пошук за повною назвою / Послуги / SRV (failed).png\"",
              "code": "cy.visit('/');\nbaseStorage.openDocsBtn(11);\ncy.get('tr > td > a').eq(2).invoke('text').then(text => {\n  cy.get('.ant-select-selection-search').first().type(text);\n  cy.wait(2000);\n  cy.get('.ant-select-item').contains('Приходи на склад').click();\n  cy.get('tr > td > a').first().should('have.text', text);\n  cy.get('.ant-table-row > :nth-child(7)').first().contains('Послуги');\n});",
              "err": {},
              "uuid": "19d73198-627a-48f0-b335-a103e8c5eb9a",
              "parentUUID": "9cf62396-fe33-401a-8282-6b3a554cfefd",
              "isHook": false,
              "skipped": false
            },
            {
              "title": "Пошук по короткій назві / Витрати товару / OUT",
              "fullTitle": "Find|Master|UA|Desktop| Пошук по короткій назві / Витрати товару / OUT",
              "timedOut": null,
              "duration": 27012,
              "state": "passed",
              "speed": "slow",
              "pass": true,
              "fail": false,
              "pending": false,
              "context": "\"screenshots/find.spec.js/Find|Master|UA|Desktop| -- Пошук по короткій назві / Витрати товару / OUT (failed).png\"",
              "code": "cy.visit('/');\nbaseStorage.openDocsBtn(15);\ncy.get('tr > td > a').eq(2).invoke('text').then(text => {\n  const nameDoc = text.split('-');\n  cy.get('.ant-select-selection-search').first().type(nameDoc[nameDoc.length - 1]);\n  cy.wait(2000);\n  cy.get('.ant-select-item').contains('Витрати зі складу').click();\n  cy.get('tr > td > a').first().should('have.text', text);\n  cy.get('.ant-table-row > :nth-child(7)').first().contains('Продаж'); // тип документа в таблиці\n});",
              "err": {},
              "uuid": "302115d9-4e86-47a6-9420-2d6bd4ec80d1",
              "parentUUID": "9cf62396-fe33-401a-8282-6b3a554cfefd",
              "isHook": false,
              "skipped": false
            },
            {
              "title": "Пошук за повною назвою / Витрати з НЗ / AUT",
              "fullTitle": "Find|Master|UA|Desktop| Пошук за повною назвою / Витрати з НЗ / AUT",
              "timedOut": null,
              "duration": 23153,
              "state": "passed",
              "speed": "slow",
              "pass": true,
              "fail": false,
              "pending": false,
              "context": "\"screenshots/find.spec.js/Find|Master|UA|Desktop| -- Пошук за повною назвою / Витрати з НЗ / AUT (failed).png\"",
              "code": "cy.visit('/');\nbaseStorage.openDocsBtn(16);\ncy.get('tr > td > a').eq(2).invoke('text').then(text => {\n  cy.get('.ant-select-selection-search').first().type(text);\n  cy.wait(2000);\n  cy.get('.ant-select-item').contains('Витрати зі складу').click();\n  cy.get('tr > td > a').first().should('have.text', text);\n  cy.get('.ant-table-row > :nth-child(7)').first().contains('Продаж');\n});",
              "err": {},
              "uuid": "be18be36-d189-4719-8275-3aea56d845e6",
              "parentUUID": "9cf62396-fe33-401a-8282-6b3a554cfefd",
              "isHook": false,
              "skipped": false
            },
            {
              "title": "Пошук по короткій назві / Витрати з НЗ / AUT",
              "fullTitle": "Find|Master|UA|Desktop| Пошук по короткій назві / Витрати з НЗ / AUT",
              "timedOut": null,
              "duration": 23583,
              "state": "passed",
              "speed": "slow",
              "pass": true,
              "fail": false,
              "pending": false,
              "context": "\"screenshots/find.spec.js/Find|Master|UA|Desktop| -- Пошук по короткій назві / Витрати з НЗ / AUT (failed).png\"",
              "code": "cy.visit('/');\nbaseStorage.openDocsBtn(16);\ncy.get('tr > td > a').eq(2).invoke('text').then(text => {\n  const nameDoc = text.split('-');\n  cy.get('.ant-select-selection-search').first().type(nameDoc[nameDoc.length - 1]);\n  cy.wait(2000);\n  cy.get('.ant-select-item').contains('Витрати зі складу').click();\n  cy.get('tr > td > a').first().should('have.text', text);\n  cy.get('.ant-table-row > :nth-child(7)').first().contains('Продаж');\n});",
              "err": {},
              "uuid": "2de83d88-6800-4979-9da3-b1304c1d157b",
              "parentUUID": "9cf62396-fe33-401a-8282-6b3a554cfefd",
              "isHook": false,
              "skipped": false
            },
            {
              "title": "Пошук по короткій назві / Повернення від клієнта / CRT ",
              "fullTitle": "Find|Master|UA|Desktop| Пошук по короткій назві / Повернення від клієнта / CRT ",
              "timedOut": null,
              "duration": 22693,
              "state": "passed",
              "speed": "slow",
              "pass": true,
              "fail": false,
              "pending": false,
              "context": "\"screenshots/find.spec.js/Find|Master|UA|Desktop| -- Пошук по короткій назві / Повернення від клієнта / CRT  (failed).png\"",
              "code": "cy.visit('/');\nbaseStorage.openDocsBtn(17);\ncy.get('tr > td > a').eq(2).invoke('text').then(text => {\n  const nameDoc = text.split('-');\n  cy.get('.ant-select-selection-search').first().type(nameDoc[nameDoc.length - 1]);\n  cy.wait(2000);\n  cy.get('.ant-select-item').contains('Приходи на склад').click();\n  cy.get('tr > td > a').first().should('have.text', text);\n  cy.get('.ant-table-row > :nth-child(7)').first().contains('Повернення від клієнта');\n});",
              "err": {},
              "uuid": "8f54befd-1dbc-4ca4-87a1-5bf7ec493dab",
              "parentUUID": "9cf62396-fe33-401a-8282-6b3a554cfefd",
              "isHook": false,
              "skipped": false
            }
          ],
          "suites": [],
          "passes": [
            "ba296c25-1314-4cdc-9e8e-7b18588b8baf",
            "3d7ec387-54ec-46f6-b1ac-9d94ffe72435",
            "c81a5ed3-249a-4936-acff-c393e6fa70e7",
            "5aaa9f5a-7b0a-4aa9-abb1-005fe470bc1a",
            "17b340b4-5947-4315-8309-3b3610b2cc08",
            "d4464b88-4a8e-4ed6-839f-867641fbfeba",
            "9bf32dec-a48d-4435-b779-e6bf304572b4",
            "676298c0-17a1-4d4f-ac3e-64c5f3b895ff",
            "22e81ede-7917-4bb8-94df-b1292e02db29",
            "70796136-f4bf-4390-859b-ad3c46d5f65a",
            "bcae196b-b24b-432b-b779-455b9f8c9799",
            "19d73198-627a-48f0-b335-a103e8c5eb9a",
            "302115d9-4e86-47a6-9420-2d6bd4ec80d1",
            "be18be36-d189-4719-8275-3aea56d845e6",
            "2de83d88-6800-4979-9da3-b1304c1d157b",
            "8f54befd-1dbc-4ca4-87a1-5bf7ec493dab"
          ],
          "failures": [
            "09daa17f-bc67-4281-9f92-98cceb532e94",
            "631200f7-d1c4-4502-9deb-2d72c3ac750b",
            "e5a27207-1e5b-41ff-8d95-a89fb31f78b8"
          ],
          "pending": [],
          "skipped": [],
          "duration": 435401,
          "root": false,
          "rootEmpty": false,
          "_timeout": 2000
        }
      ],
      "passes": [],
      "failures": [],
      "pending": [],
      "skipped": [],
      "duration": 0,
      "root": true,
      "rootEmpty": true,
      "_timeout": 2000
    }
  ],
  "meta": {
    "mocha": {
      "version": "7.0.1"
    },
    "mochawesome": {
      "options": {
        "quiet": false,
        "reportFilename": "mochawesome",
        "saveHtml": false,
        "saveJson": true,
        "consoleReporter": "spec",
        "useInlineDiffs": false,
        "code": true
      },
      "version": "7.1.1"
    },
    "marge": {
      "options": {
        "overwrite": false,
        "html": false,
        "json": true
      },
      "version": "6.1.0"
    }
  }
}